2024-02-16 21:08:05,435 [INFO] Activator:176 - 


2024-02-16 21:08:05,439 [INFO] Activator:177 - !SESSION log4j initialized
2024-02-16 21:08:17,810 [INFO] LogOutputStream:77 - [STDOUT_REDIRECT] 
2024-02-16 21:08:19,411 [INFO] ApplicationProperties:184 - Using Application install path: C:\ST\STM32CubeIDE_1.13.2\STM32CubeIDE\plugins\com.st.stm32cube.common.mx_6.10.0.202311202037
2024-02-16 21:08:19,427 [INFO] DbMcusXml:78 - Set database path to: C:\ST\STM32CubeIDE_1.13.2\STM32CubeIDE\plugins\com.st.stm32cube.common.mx_6.10.0.202311202037\\db\/mcu/
2024-02-16 21:08:19,428 [INFO] ApiDb:274 - Set plugin database path to: C:\ST\STM32CubeIDE_1.13.2\STM32CubeIDE\plugins\com.st.stm32cube.common.mx_6.10.0.202311202037\\db\/plugins/boardmanager/
2024-02-16 21:08:19,429 [WARN] ApiDb:259 - Overriding images path with different value:  => C:\ST\STM32CubeIDE_1.13.2\STM32CubeIDE\plugins\com.st.stm32cube.common.mx_6.10.0.202311202037\\db\/plugins/mcufinder/images/
2024-02-16 21:08:19,435 [INFO] ApiDb:250 - Set database path to: C:\Users\phamv\.stmcufinder\plugins\mcufinder//mcu/
2024-02-16 21:08:19,436 [INFO] DbMcusAds:125 - Set database path to: C:\Users\phamv\.stmcufinder\plugins\mcufinder//mcu/
2024-02-16 21:08:20,265 [INFO] CrossReferenceDbSqlite:203 - Set database path to: C:\Users\phamv\.stmcufinder\plugins\mcufinder//mcu/cs/
2024-02-16 21:08:20,385 [INFO] RulesReader:64 - Compatibility file has been processed (297 Rules)
2024-02-16 21:08:20,492 [INFO] DbMcusXml:78 - Set database path to: C:\ST\STM32CubeIDE_1.13.2\STM32CubeIDE\plugins\com.st.stm32cube.common.mx_6.10.0.202311202037\\db\/mcu/
2024-02-16 21:08:20,492 [INFO] ApiDb:274 - Set plugin database path to: C:\ST\STM32CubeIDE_1.13.2\STM32CubeIDE\plugins\com.st.stm32cube.common.mx_6.10.0.202311202037\\db\/plugins/boardmanager/
2024-02-16 21:08:20,492 [INFO] ApiDb:261 - Set plugin images path to: C:\ST\STM32CubeIDE_1.13.2\STM32CubeIDE\plugins\com.st.stm32cube.common.mx_6.10.0.202311202037\\db\/plugins/mcufinder/images/
2024-02-16 21:08:20,493 [WARN] DbFile:41 - Overriding database path with different value: C:\Users\phamv\.stmcufinder\plugins\mcufinder/ => C:\Users\phamv\.stmcufinder\plugins\mcufinder
2024-02-16 21:08:20,493 [INFO] ApiDb:250 - Set database path to: C:\Users\phamv\.stmcufinder\plugins\mcufinder//mcu/
2024-02-16 21:08:20,493 [WARN] DbFile:41 - Overriding database path with different value: C:\Users\phamv\.stmcufinder\plugins\mcufinder/ => C:\Users\phamv\.stmcufinder\plugins\mcufinder
2024-02-16 21:08:20,493 [INFO] DbMcusAds:125 - Set database path to: C:\Users\phamv\.stmcufinder\plugins\mcufinder//mcu/
2024-02-16 21:08:20,493 [WARN] DbFile:41 - Overriding database path with different value: C:\Users\phamv\.stmcufinder\plugins\mcufinder/ => C:\Users\phamv\.stmcufinder\plugins\mcufinder
2024-02-16 21:08:20,493 [WARN] DbFile:41 - Overriding database path with different value: C:\Users\phamv\.stmcufinder\plugins\mcufinder/ => C:\Users\phamv\.stmcufinder\plugins\mcufinder
2024-02-16 21:08:21,266 [INFO] CrossReferenceDbSqlite:203 - Set database path to: C:\Users\phamv\.stmcufinder\plugins\mcufinder//mcu/cs/
2024-02-16 21:08:21,362 [INFO] MainPanel:264 - HeapMemory: 268435456
2024-02-16 21:08:21,474 [INFO] DbMcusXml:78 - Set database path to: C:\ST\STM32CubeIDE_1.13.2\STM32CubeIDE\plugins\com.st.stm32cube.common.mx_6.10.0.202311202037\\db\/mcu/
2024-02-16 21:08:21,474 [INFO] ApiDb:274 - Set plugin database path to: C:\ST\STM32CubeIDE_1.13.2\STM32CubeIDE\plugins\com.st.stm32cube.common.mx_6.10.0.202311202037\\db\/plugins/boardmanager/
2024-02-16 21:08:21,474 [INFO] ApiDb:261 - Set plugin images path to: C:\ST\STM32CubeIDE_1.13.2\STM32CubeIDE\plugins\com.st.stm32cube.common.mx_6.10.0.202311202037\\db\/plugins/mcufinder/images/
2024-02-16 21:08:21,474 [WARN] DbFile:41 - Overriding database path with different value: C:\Users\phamv\.stmcufinder\plugins\mcufinder/ => C:\Users\phamv\.stmcufinder\plugins\mcufinder
2024-02-16 21:08:21,474 [INFO] ApiDb:250 - Set database path to: C:\Users\phamv\.stmcufinder\plugins\mcufinder//mcu/
2024-02-16 21:08:21,474 [WARN] DbFile:41 - Overriding database path with different value: C:\Users\phamv\.stmcufinder\plugins\mcufinder/ => C:\Users\phamv\.stmcufinder\plugins\mcufinder
2024-02-16 21:08:21,474 [INFO] DbMcusAds:125 - Set database path to: C:\Users\phamv\.stmcufinder\plugins\mcufinder//mcu/
2024-02-16 21:08:21,474 [WARN] DbFile:41 - Overriding database path with different value: C:\Users\phamv\.stmcufinder\plugins\mcufinder/ => C:\Users\phamv\.stmcufinder\plugins\mcufinder
2024-02-16 21:08:21,474 [WARN] DbFile:41 - Overriding database path with different value: C:\Users\phamv\.stmcufinder\plugins\mcufinder/ => C:\Users\phamv\.stmcufinder\plugins\mcufinder
2024-02-16 21:08:22,265 [INFO] CrossReferenceDbSqlite:203 - Set database path to: C:\Users\phamv\.stmcufinder\plugins\mcufinder//mcu/cs/
2024-02-16 21:08:22,292 [INFO] ApplicationProperties:184 - Using Application install path: C:\ST\STM32CubeIDE_1.13.2\STM32CubeIDE\plugins\com.st.stm32cube.common.mx_6.10.0.202311202037
2024-02-16 21:08:22,294 [INFO] PluginManage:196 - Search for loadable plugins [exclusion list=, ]
2024-02-16 21:08:22,295 [INFO] PluginManage:310 - Check plugin analytics
2024-02-16 21:08:23,355 [INFO] AnalyticsPlugin:253 - Accepted Software Licenses: 
2024-02-16 21:08:23,355 [INFO] AnalyticsPlugin:255 - Accepted CMSIS Pack Licenses: STMicroelectronics.X-CUBE-TOUCHGFX.4.22.1
2024-02-16 21:08:23,355 [INFO] AnalyticsPlugin:257 - Accepted Firmware Licenses: FW.F4.1.27.0
2024-02-16 21:08:23,358 [INFO] PluginManage:359 - Loaded plugin analytics (category:tool,tabindex:-1)
2024-02-16 21:08:23,358 [INFO] PluginManage:310 - Check plugin cadmodel
2024-02-16 21:08:23,370 [INFO] CADModel:105 - Init CAD model plugin
2024-02-16 21:08:23,370 [INFO] PluginManage:359 - Loaded plugin cadmodel (category:power,tabindex:5)
2024-02-16 21:08:23,371 [INFO] PluginManage:310 - Check plugin clock
2024-02-16 21:08:23,389 [INFO] PluginManage:359 - Loaded plugin clock (category:base,tabindex:2)
2024-02-16 21:08:23,390 [INFO] PluginManage:310 - Check plugin ddr
2024-02-16 21:08:23,393 [INFO] PluginManage:359 - Loaded plugin ddr (category:tool,tabindex:6)
2024-02-16 21:08:23,394 [INFO] PluginManage:310 - Check plugin filemanager
2024-02-16 21:08:23,535 [INFO] PluginManage:359 - Loaded plugin filemanager (category:base,tabindex:10)
2024-02-16 21:08:23,535 [INFO] PluginManage:310 - Check plugin ipmanager
2024-02-16 21:08:23,542 [INFO] PluginManage:359 - Loaded plugin ipmanager (category:base,tabindex:5)
2024-02-16 21:08:23,542 [INFO] PluginManage:310 - Check plugin lpbam
2024-02-16 21:08:23,558 [INFO] PluginManage:359 - Loaded plugin lpbam (category:base,tabindex:0)
2024-02-16 21:08:23,559 [INFO] PluginManage:310 - Check plugin memorymap
2024-02-16 21:08:23,580 [INFO] PluginManage:359 - Loaded plugin memorymap (category:base,tabindex:4)
2024-02-16 21:08:23,580 [INFO] PluginManage:310 - Check plugin pinoutandconfiguration
2024-02-16 21:08:23,594 [INFO] PluginManage:359 - Loaded plugin pinoutandconfiguration (category:base,tabindex:1)
2024-02-16 21:08:23,594 [INFO] PluginManage:310 - Check plugin pinoutconfig
2024-02-16 21:08:23,688 [WARN] SupportedApi:132 - Cannot load RTOS API schema: s4s-elt-must-match.1: The content of 'definitions' must match (annotation?, (simpleType | complexType)?, (unique | key | keyref)*)). A problem was found starting at: attribute.
2024-02-16 21:08:23,802 [INFO] PluginManage:359 - Loaded plugin pinoutconfig (category:base,tabindex:0)
2024-02-16 21:08:23,802 [INFO] PluginManage:310 - Check plugin power
2024-02-16 21:08:23,821 [INFO] PluginManage:359 - Loaded plugin power (category:power,tabindex:4)
2024-02-16 21:08:23,821 [INFO] PluginManage:310 - Check plugin projectmanager
2024-02-16 21:08:23,835 [INFO] PluginManage:359 - Loaded plugin projectmanager (category:projectmanager,tabindex:3)
2024-02-16 21:08:23,835 [INFO] PluginManage:310 - Check plugin thirdparty
2024-02-16 21:08:24,046 [INFO] PluginManage:359 - Loaded plugin thirdparty (category:base,tabindex:-1)
2024-02-16 21:08:24,046 [INFO] PluginManage:310 - Check plugin tools
2024-02-16 21:08:24,046 [WARN] IntegrityCheckThread:84 - waiting for thirdparty lock release [integrity check]
2024-02-16 21:08:24,047 [INFO] IntegrityCheckThread:86 - entering critical section [integrity check]
2024-02-16 21:08:24,047 [INFO] ThirdPartyUpdaterWithRetryManager:70 - Updater plugin not ready yet. [1/15]
2024-02-16 21:08:24,074 [INFO] PluginManage:359 - Loaded plugin tools (category:base,tabindex:7)
2024-02-16 21:08:24,074 [INFO] PluginManage:310 - Check plugin tutovideos
2024-02-16 21:08:24,245 [INFO] PluginManage:359 - Loaded plugin tutovideos (category:base,tabindex:-1)
2024-02-16 21:08:24,245 [INFO] PluginManage:310 - Check plugin updater
2024-02-16 21:08:24,256 [INFO] PluginManage:359 - Loaded plugin updater (category:base,tabindex:12)
2024-02-16 21:08:24,256 [INFO] PluginManage:310 - Check plugin userauth
2024-02-16 21:08:24,261 [INFO] UserAuth:114 - Init User Auth plugin
2024-02-16 21:08:24,261 [INFO] PluginManage:359 - Loaded plugin userauth (category:base,tabindex:14)
2024-02-16 21:08:24,261 [INFO] PluginManage:283 - PluginManage : Loaded plugins [17]
2024-02-16 21:08:24,477 [INFO] PinOutPanel:1499 - setPackage(No Configuration,No Configuration)
2024-02-16 21:08:24,543 [INFO] CADModel:165 - CPN selected for project level
2024-02-16 21:08:24,543 [INFO] CADModel:114 - Register for checkConnection events
2024-02-16 21:08:24,569 [INFO] IPUIPlugin:80 - create IPUIPlugin
2024-02-16 21:08:24,569 [INFO] PluginManager:220 - loadIPPluginJar : add adc
2024-02-16 21:08:24,598 [INFO] IPUIPlugin:80 - create IPUIPlugin
2024-02-16 21:08:24,598 [INFO] PluginManager:220 - loadIPPluginJar : add aes
2024-02-16 21:08:24,632 [INFO] IPUIPlugin:80 - create IPUIPlugin
2024-02-16 21:08:24,632 [INFO] PluginManager:220 - loadIPPluginJar : add can
2024-02-16 21:08:24,662 [INFO] IPUIPlugin:80 - create IPUIPlugin
2024-02-16 21:08:24,663 [INFO] PluginManager:220 - loadIPPluginJar : add comp
2024-02-16 21:08:24,698 [INFO] IPUIPlugin:80 - create IPUIPlugin
2024-02-16 21:08:24,698 [INFO] PluginManager:220 - loadIPPluginJar : add cryp
2024-02-16 21:08:24,746 [INFO] IPUIPlugin:80 - create IPUIPlugin
2024-02-16 21:08:24,746 [INFO] PluginManager:220 - loadIPPluginJar : add dfsdm
2024-02-16 21:08:24,758 [INFO] IPUIPlugin:80 - create IPUIPlugin
2024-02-16 21:08:24,759 [INFO] PluginManager:220 - loadIPPluginJar : add dma
2024-02-16 21:08:24,789 [INFO] IPUIPlugin:80 - create IPUIPlugin
2024-02-16 21:08:24,789 [INFO] PluginManager:220 - loadIPPluginJar : add dma3
2024-02-16 21:08:24,804 [INFO] IPUIPlugin:80 - create IPUIPlugin
2024-02-16 21:08:24,804 [INFO] PluginManager:220 - loadIPPluginJar : add fatfs
2024-02-16 21:08:24,835 [INFO] IPUIPlugin:80 - create IPUIPlugin
2024-02-16 21:08:24,835 [INFO] PluginManager:220 - loadIPPluginJar : add fmc
2024-02-16 21:08:24,848 [INFO] IPUIPlugin:80 - create IPUIPlugin
2024-02-16 21:08:24,849 [INFO] PluginManager:220 - loadIPPluginJar : add freertos
2024-02-16 21:08:24,864 [INFO] IPUIPlugin:80 - create IPUIPlugin
2024-02-16 21:08:24,864 [INFO] PluginManager:220 - loadIPPluginJar : add genericplugin
2024-02-16 21:08:24,925 [INFO] IPUIPlugin:80 - create IPUIPlugin
2024-02-16 21:08:24,926 [INFO] PluginManager:220 - loadIPPluginJar : add gfxmmu
2024-02-16 21:08:25,023 [INFO] IPUIPlugin:80 - create IPUIPlugin
2024-02-16 21:08:25,024 [INFO] PluginManager:220 - loadIPPluginJar : add gic
2024-02-16 21:08:25,036 [INFO] IPUIPlugin:80 - create IPUIPlugin
2024-02-16 21:08:25,036 [INFO] PluginManager:220 - loadIPPluginJar : add gpio
2024-02-16 21:08:25,101 [INFO] IPUIPlugin:80 - create IPUIPlugin
2024-02-16 21:08:25,101 [INFO] PluginManager:220 - loadIPPluginJar : add gtzc
2024-02-16 21:08:25,125 [INFO] IPUIPlugin:80 - create IPUIPlugin
2024-02-16 21:08:25,125 [INFO] PluginManager:220 - loadIPPluginJar : add hash
2024-02-16 21:08:25,160 [INFO] IPUIPlugin:80 - create IPUIPlugin
2024-02-16 21:08:25,161 [INFO] PluginManager:220 - loadIPPluginJar : add i2c
2024-02-16 21:08:25,187 [INFO] IPUIPlugin:80 - create IPUIPlugin
2024-02-16 21:08:25,187 [INFO] PluginManager:220 - loadIPPluginJar : add i2s
2024-02-16 21:08:25,216 [INFO] IPUIPlugin:80 - create IPUIPlugin
2024-02-16 21:08:25,216 [INFO] PluginManager:220 - loadIPPluginJar : add i3c
2024-02-16 21:08:25,282 [INFO] IPUIPlugin:80 - create IPUIPlugin
2024-02-16 21:08:25,283 [INFO] PluginManager:220 - loadIPPluginJar : add ipddr
2024-02-16 21:08:25,364 [INFO] IPUIPlugin:80 - create IPUIPlugin
2024-02-16 21:08:25,365 [INFO] PluginManager:220 - loadIPPluginJar : add linkedlist
2024-02-16 21:08:25,390 [INFO] IPUIPlugin:80 - create IPUIPlugin
2024-02-16 21:08:25,390 [INFO] PluginManager:220 - loadIPPluginJar : add lorawan
2024-02-16 21:08:25,415 [INFO] IPUIPlugin:80 - create IPUIPlugin
2024-02-16 21:08:25,415 [INFO] PluginManager:220 - loadIPPluginJar : add ltdc
2024-02-16 21:08:25,427 [INFO] IPUIPlugin:80 - create IPUIPlugin
2024-02-16 21:08:25,428 [INFO] PluginManager:220 - loadIPPluginJar : add mdma
2024-02-16 21:08:25,437 [INFO] IPUIPlugin:80 - create IPUIPlugin
2024-02-16 21:08:25,438 [INFO] PluginManager:220 - loadIPPluginJar : add nvic
2024-02-16 21:08:25,462 [INFO] IPUIPlugin:80 - create IPUIPlugin
2024-02-16 21:08:25,462 [INFO] PluginManager:220 - loadIPPluginJar : add opamp
2024-02-16 21:08:25,503 [INFO] IPUIPlugin:80 - create IPUIPlugin
2024-02-16 21:08:25,503 [INFO] PluginManager:220 - loadIPPluginJar : add openamp
2024-02-16 21:08:25,537 [INFO] IPUIPlugin:80 - create IPUIPlugin
2024-02-16 21:08:25,537 [INFO] PluginManager:220 - loadIPPluginJar : add pdm2pcm
2024-02-16 21:08:25,548 [INFO] IPUIPlugin:80 - create IPUIPlugin
2024-02-16 21:08:25,550 [INFO] PluginManager:220 - loadIPPluginJar : add plateformsettings
2024-02-16 21:08:25,566 [INFO] IPUIPlugin:80 - create IPUIPlugin
2024-02-16 21:08:25,566 [INFO] PluginManager:220 - loadIPPluginJar : add quadspi
2024-02-16 21:08:25,576 [INFO] IPUIPlugin:80 - create IPUIPlugin
2024-02-16 21:08:25,576 [INFO] PluginManager:220 - loadIPPluginJar : add resmgrutility
2024-02-16 21:08:25,609 [INFO] IPUIPlugin:80 - create IPUIPlugin
2024-02-16 21:08:25,609 [INFO] PluginManager:220 - loadIPPluginJar : add sai
2024-02-16 21:08:25,639 [INFO] IPUIPlugin:80 - create IPUIPlugin
2024-02-16 21:08:25,640 [INFO] PluginManager:220 - loadIPPluginJar : add spi
2024-02-16 21:08:25,687 [INFO] IPUIPlugin:80 - create IPUIPlugin
2024-02-16 21:08:25,687 [INFO] PluginManager:220 - loadIPPluginJar : add stm32_wpan
2024-02-16 21:08:25,704 [INFO] IPUIPlugin:80 - create IPUIPlugin
2024-02-16 21:08:25,704 [INFO] PluginManager:220 - loadIPPluginJar : add tim
2024-02-16 21:08:25,744 [INFO] IPUIPlugin:80 - create IPUIPlugin
2024-02-16 21:08:25,744 [INFO] PluginManager:220 - loadIPPluginJar : add touchsensing
2024-02-16 21:08:25,760 [INFO] IPUIPlugin:80 - create IPUIPlugin
2024-02-16 21:08:25,761 [INFO] PluginManager:220 - loadIPPluginJar : add tracer_emb
2024-02-16 21:08:25,778 [INFO] IPUIPlugin:80 - create IPUIPlugin
2024-02-16 21:08:25,778 [INFO] PluginManager:220 - loadIPPluginJar : add ts
2024-02-16 21:08:25,793 [INFO] IPUIPlugin:80 - create IPUIPlugin
2024-02-16 21:08:25,794 [INFO] PluginManager:220 - loadIPPluginJar : add tsc
2024-02-16 21:08:25,810 [INFO] IPUIPlugin:80 - create IPUIPlugin
2024-02-16 21:08:25,810 [INFO] PluginManager:220 - loadIPPluginJar : add ucpd
2024-02-16 21:08:25,851 [INFO] IPUIPlugin:80 - create IPUIPlugin
2024-02-16 21:08:25,851 [INFO] PluginManager:220 - loadIPPluginJar : add usart
2024-02-16 21:08:25,880 [INFO] IPUIPlugin:80 - create IPUIPlugin
2024-02-16 21:08:25,880 [INFO] PluginManager:220 - loadIPPluginJar : add usbx
2024-02-16 21:08:26,006 [INFO] CADModel:165 - CPN selected for project level
2024-02-16 21:08:26,006 [INFO] CADModel:114 - Register for checkConnection events
2024-02-16 21:08:26,006 [FATAL] Updater:308 - Updater called before beeing initialized
2024-02-16 21:08:26,006 [ERROR] CADModel:125 - Updater not yet initialized, retry later 
2024-02-16 21:08:26,168 [INFO] CADModel:165 - CPN selected for project level
2024-02-16 21:08:26,168 [INFO] CADModel:114 - Register for checkConnection events
2024-02-16 21:08:26,168 [FATAL] Updater:308 - Updater called before beeing initialized
2024-02-16 21:08:26,168 [ERROR] CADModel:125 - Updater not yet initialized, retry later 
2024-02-16 21:08:26,171 [FATAL] Updater:308 - Updater called before beeing initialized
2024-02-16 21:08:26,273 [FATAL] Updater:308 - Updater called before beeing initialized
2024-02-16 21:08:26,278 [INFO] DbMcusAds:53 - JSON generation date=Wed Nov 29 17:52:27 ICT 2023 (1701255147349)
2024-02-16 21:08:26,279 [FATAL] Updater:308 - Updater called before beeing initialized
2024-02-16 21:08:26,347 [WARN] DetailPanel:346 - Failed to get advertising image, set to default
2024-02-16 21:08:26,410 [FATAL] Updater:308 - Updater called before beeing initialized
2024-02-16 21:08:26,412 [FATAL] Updater:308 - Updater called before beeing initialized
2024-02-16 21:08:26,412 [FATAL] Updater:308 - Updater called before beeing initialized
2024-02-16 21:08:26,413 [WARN] DetailPanel:346 - Failed to get advertising image, set to default
2024-02-16 21:08:26,413 [FATAL] Updater:308 - Updater called before beeing initialized
2024-02-16 21:08:26,471 [ERROR] Updater:1120 - MainUpdater not yet initialized. External WinMGr cannot be set.
2024-02-16 21:08:26,485 [INFO] Updater:1056 - Updater Version found : 6.10.0
2024-02-16 21:08:26,513 [INFO] ApplicationProperties:184 - Using Application install path: C:\ST\STM32CubeIDE_1.13.2\STM32CubeIDE\plugins\com.st.stm32cube.common.mx_6.10.0.202311202037
2024-02-16 21:08:27,048 [INFO] ThirdPartyUpdaterWithRetryManager:70 - Updater plugin not ready yet. [2/15]
2024-02-16 21:08:28,097 [ERROR] LogOutputStream:75 - [STDERR_REDIRECT] Feb 16, 2024 9:08:28 PM java.util.prefs.WindowsPreferences <init>
2024-02-16 21:08:28,098 [ERROR] LogOutputStream:75 - [STDERR_REDIRECT] WARNING: Could not open/create prefs root node Software\JavaSoft\Prefs at root 0xffffffff80000002. Windows RegCreateKeyEx(...) returned error code 5.
2024-02-16 21:08:28,098 [ERROR] LogOutputStream:75 - [STDERR_REDIRECT] 
2024-02-16 21:08:28,841 [INFO] MainUpdater:2873 - connection check result : 10
2024-02-16 21:08:28,842 [INFO] MainUpdater:290 - Updater Check For Update Now.
2024-02-16 21:08:28,842 [INFO] MicroXplorer:498 - Change Database Version : DB.6.0.100
2024-02-16 21:08:28,862 [INFO] McuFinderGlobals:63 - Set McuFinder mode to 2 (CubeIDE integrated)
2024-02-16 21:08:28,863 [INFO] UserAuth:180 - activating auth plugin
2024-02-16 21:08:28,865 [INFO] UserAuth:404 - Internet connection configuration mode: 1
2024-02-16 21:08:28,924 [INFO] JxBrowserEngine:152 - Initiate JxBrowser Engine with user profile folder
2024-02-16 21:08:29,040 [INFO] CheckServerUpdateThread:120 - End of CheckServer Thread
2024-02-16 21:08:30,168 [WARN] PackLoader:240 - Cannot read IP mode file for STMicroelectronics.X-CUBE-SMBUS.2.1.0
2024-02-16 21:08:30,179 [WARN] PackLoader:240 - Cannot read IP mode file for STMicroelectronics.X-CUBE-TOUCHGFX.4.23.0
2024-02-16 21:08:30,209 [WARN] PackLoader:240 - Cannot read IP mode file for STMicroelectronics.X-CUBE-AZRTOS-F7.1.1.0
2024-02-16 21:08:30,231 [WARN] PackLoader:240 - Cannot read IP mode file for STMicroelectronics.FP-SNS-MOTENV1.4.3.2
2024-02-16 21:08:30,246 [WARN] PackLoader:240 - Cannot read IP mode file for STMicroelectronics.FP-SNS-FLIGHT1.5.0.2
2024-02-16 21:08:30,266 [WARN] PackLoader:240 - Cannot read IP mode file for STMicroelectronics.X-CUBE-DISPLAY.3.0.0
2024-02-16 21:08:30,289 [WARN] PackLoader:240 - Cannot read IP mode file for STMicroelectronics.X-CUBE-BLE1.7.0.0
2024-02-16 21:08:30,301 [WARN] PackLoader:240 - Cannot read IP mode file for emotas.I-CUBE-CANOPEN.1.3.0
2024-02-16 21:08:30,311 [WARN] PackLoader:240 - Cannot read IP mode file for STMicroelectronics.X-CUBE-TOUCHGFX.4.22.0
2024-02-16 21:08:30,322 [WARN] PackLoader:240 - Cannot read IP mode file for STMicroelectronics.X-CUBE-TOUCHGFX.4.22.1
2024-02-16 21:08:30,406 [WARN] PackLoader:240 - Cannot read IP mode file for STMicroelectronics.FP-SNS-SMARTAG2.1.2.0
2024-02-16 21:08:30,422 [INFO] LogOutputStream:77 - [STDOUT_REDIRECT] 1 : Invalid condition id : UX_CORESTACK_Condition cause : null
2024-02-16 21:08:30,422 [INFO] LogOutputStream:77 - [STDOUT_REDIRECT] 1 : Invalid condition id : UX_CORESTACK_Condition cause : null
2024-02-16 21:08:30,423 [INFO] LogOutputStream:77 - [STDOUT_REDIRECT] 1 : Invalid condition id : UX_CORESTACK_Condition cause : null
2024-02-16 21:08:30,423 [INFO] LogOutputStream:77 - [STDOUT_REDIRECT] 1 : Invalid condition id : UX_CORESTACK_Condition cause : null
2024-02-16 21:08:30,424 [INFO] LogOutputStream:77 - [STDOUT_REDIRECT] 1 : Invalid condition id : UX_CORESTACK_Condition cause : null
2024-02-16 21:08:30,426 [WARN] PackLoader:240 - Cannot read IP mode file for STMicroelectronics.X-CUBE-AZRTOS-WL.2.0.0
2024-02-16 21:08:30,439 [WARN] PackLoader:240 - Cannot read IP mode file for WES.I-CUBE-Cesium.1.3.0
2024-02-16 21:08:30,448 [WARN] PackLoader:240 - Cannot read IP mode file for STMicroelectronics.X-CUBE-BLE2.3.3.0
2024-02-16 21:08:30,459 [WARN] PackLoader:240 - Cannot read IP mode file for STMicroelectronics.X-CUBE-TOUCHGFX.4.18.1
2024-02-16 21:08:30,509 [WARN] PackLoader:240 - Cannot read IP mode file for STMicroelectronics.X-CUBE-ALGOBUILD.1.3.0
2024-02-16 21:08:30,527 [WARN] PackLoader:240 - Cannot read IP mode file for STMicroelectronics.X-CUBE-AZRTOS-G0.1.1.0
2024-02-16 21:08:30,538 [WARN] PackLoader:240 - Cannot read IP mode file for STMicroelectronics.X-CUBE-NFC4.3.0.0
2024-02-16 21:08:30,550 [WARN] PackLoader:240 - Cannot read IP mode file for STMicroelectronics.X-CUBE-BLEMGR.3.0.0
2024-02-16 21:08:30,561 [WARN] PackLoader:240 - Cannot read IP mode file for STMicroelectronics.FP-ATR-SIGFOX1.3.2.0
2024-02-16 21:08:30,570 [WARN] PackLoader:240 - Cannot read IP mode file for STMicroelectronics.X-CUBE-EEPRMA1.5.1.0
2024-02-16 21:08:30,606 [WARN] PackLoader:240 - Cannot read IP mode file for SEGGER.I-CUBE-embOS.1.3.1
2024-02-16 21:08:30,638 [WARN] PackLoader:240 - Cannot read IP mode file for STMicroelectronics.X-CUBE-DISPLAY.2.0.0
2024-02-16 21:08:30,685 [WARN] PackLoader:240 - Cannot read IP mode file for STMicroelectronics.X-CUBE-GNSS1.6.0.0
2024-02-16 21:08:30,705 [WARN] PackLoader:240 - Cannot read IP mode file for STMicroelectronics.X-CUBE-AZRTOS-F4.1.1.0
2024-02-16 21:08:30,715 [WARN] PackLoader:240 - Cannot read IP mode file for wolfSSL.I-CUBE-wolfSSL.5.6.3
2024-02-16 21:08:30,725 [WARN] PackLoader:240 - Cannot read IP mode file for wolfSSL.I-CUBE-wolfSSL.5.6.6
2024-02-16 21:08:30,751 [WARN] PackLoader:240 - Cannot read IP mode file for STMicroelectronics.X-CUBE-AZRTOS-L5.2.0.0
2024-02-16 21:08:30,793 [WARN] PackLoader:240 - Cannot read IP mode file for STMicroelectronics.X-CUBE-MEMS1.9.6.0
2024-02-16 21:08:30,917 [WARN] PackLoader:240 - Cannot read IP mode file for STMicroelectronics.X-CUBE-EEPRMA1.4.2.0
2024-02-16 21:08:30,969 [WARN] PackLoader:240 - Cannot read IP mode file for ITTIA_DB.I-CUBE-ITTIADB.8.8.0
2024-02-16 21:08:30,983 [WARN] PackLoader:240 - Cannot read IP mode file for STMicroelectronics.X-CUBE-BLEMGR.2.0.0
2024-02-16 21:08:31,006 [WARN] ConditionMgr:438 - getConditionDescription Invalid condition id : UX DEVICE CLASS RTOS Condition cause : null
2024-02-16 21:08:31,007 [WARN] ConditionMgr:438 - getConditionDescription Invalid condition id : UX DEVICE CLASS RTOS Condition cause : null
2024-02-16 21:08:31,008 [WARN] PackLoader:240 - Cannot read IP mode file for STMicroelectronics.X-CUBE-AZRTOS-H7.3.1.0
2024-02-16 21:08:31,009 [WARN] ConditionMgr:1039 - genDependencies : Invalid condition id : UX DEVICE CLASS RTOS Condition cause : null
2024-02-16 21:08:31,009 [WARN] ConditionMgr:1039 - genDependencies : Invalid condition id : UX DEVICE CLASS RTOS Condition cause : null
2024-02-16 21:08:31,010 [WARN] ConditionMgr:1039 - genDependencies : Invalid condition id : UX DEVICE CLASS RTOS Condition cause : null
2024-02-16 21:08:31,010 [WARN] ConditionMgr:1039 - genDependencies : Invalid condition id : UX DEVICE CLASS RTOS Condition cause : null
2024-02-16 21:08:31,010 [WARN] ConditionMgr:1039 - genDependencies : Invalid condition id : UX DEVICE CLASS RTOS Condition cause : null
2024-02-16 21:08:31,020 [WARN] PackLoader:240 - Cannot read IP mode file for STMicroelectronics.X-CUBE-NFC7.1.0.1
2024-02-16 21:08:31,032 [WARN] PackLoader:240 - Cannot read IP mode file for STMicroelectronics.X-CUBE-NFC6.3.0.0
2024-02-16 21:08:31,044 [WARN] PackLoader:240 - Cannot read IP mode file for STMicroelectronics.X-CUBE-EEPRMA1.4.1.0
2024-02-16 21:08:31,054 [WARN] PackLoader:240 - Cannot read IP mode file for STMicroelectronics.X-CUBE-AI.8.1.0
2024-02-16 21:08:31,075 [WARN] ConditionMgr:438 - getConditionDescription Invalid condition id : LAN8742 Phy interface Condition cause : null
2024-02-16 21:08:31,075 [WARN] PackLoader:240 - Cannot read IP mode file for STMicroelectronics.X-CUBE-AZRTOS-L4.2.0.0
2024-02-16 21:08:31,076 [WARN] ConditionMgr:1039 - genDependencies : Invalid condition id : LAN8742 Phy interface Condition cause : null
2024-02-16 21:08:31,076 [WARN] ConditionMgr:1039 - genDependencies : Invalid condition id : LAN8742 Phy interface Condition cause : null
2024-02-16 21:08:31,076 [WARN] ConditionMgr:1039 - genDependencies : Invalid condition id : LAN8742 Phy interface Condition cause : null
2024-02-16 21:08:31,088 [WARN] PackLoader:240 - Cannot read IP mode file for STMicroelectronics.X-CUBE-SFXS2LP1.4.0.0
2024-02-16 21:08:31,099 [WARN] PackLoader:240 - Cannot read IP mode file for STMicroelectronics.X-CUBE-ISPU.1.1.0
2024-02-16 21:08:31,119 [WARN] ConditionMgr:438 - getConditionDescription Invalid condition id : UX DEVICE CLASS RTOS Condition cause : null
2024-02-16 21:08:31,119 [WARN] ConditionMgr:438 - getConditionDescription Invalid condition id : UX DEVICE CLASS RTOS Condition cause : null
2024-02-16 21:08:31,122 [WARN] PackLoader:240 - Cannot read IP mode file for STMicroelectronics.X-CUBE-AZRTOS-WB.2.0.0
2024-02-16 21:08:31,122 [WARN] ConditionMgr:1039 - genDependencies : Invalid condition id : UX DEVICE CLASS RTOS Condition cause : null
2024-02-16 21:08:31,122 [WARN] ConditionMgr:1039 - genDependencies : Invalid condition id : UX DEVICE CLASS RTOS Condition cause : null
2024-02-16 21:08:31,123 [WARN] ConditionMgr:1039 - genDependencies : Invalid condition id : UX DEVICE CLASS RTOS Condition cause : null
2024-02-16 21:08:31,124 [WARN] ConditionMgr:1039 - genDependencies : Invalid condition id : UX DEVICE CLASS RTOS Condition cause : null
2024-02-16 21:08:31,124 [WARN] ConditionMgr:1039 - genDependencies : Invalid condition id : UX DEVICE CLASS RTOS Condition cause : null
2024-02-16 21:08:31,149 [WARN] PackLoader:240 - Cannot read IP mode file for STMicroelectronics.X-CUBE-SUBG2.5.0.0
2024-02-16 21:08:31,183 [WARN] PackLoader:240 - Cannot read IP mode file for STMicroelectronics.X-CUBE-TOF1.3.3.1
2024-02-16 21:08:31,254 [WARN] PackLoader:240 - Cannot read IP mode file for STMicroelectronics.X-CUBE-AZRTOS-G4.2.0.0
2024-02-16 21:08:31,294 [WARN] PackLoader:240 - Cannot read IP mode file for Infineon.AIROC-Wi-Fi-Bluetooth-STM32.1.5.1
2024-02-16 21:08:31,319 [WARN] PackLoader:240 - Cannot read IP mode file for STMicroelectronics.FP-SNS-MOTENVWB1.1.3.0
2024-02-16 21:08:31,345 [WARN] PackLoader:240 - Cannot read IP mode file for STMicroelectronics.FP-SNS-MOTENVWB1.1.3.1
2024-02-16 21:08:31,368 [WARN] PackLoader:240 - Cannot read IP mode file for STMicroelectronics.X-CUBE-ISPU.2.0.0
2024-02-16 21:08:31,439 [WARN] PackLoader:240 - Cannot read IP mode file for STMicroelectronics.X-CUBE-MEMS1.10.0.0
2024-02-16 21:08:31,556 [WARN] PackLoader:240 - Cannot read IP mode file for STMicroelectronics.X-CUBE-FREERTOS.1.1.0
2024-02-16 21:08:31,566 [WARN] PackLoader:240 - Cannot read IP mode file for portGmbH.I-Cube-SoM-uGOAL.1.1.0
2024-02-16 21:08:31,576 [WARN] PackLoader:240 - Cannot read IP mode file for STMicroelectronics.X-CUBE-ALS.1.0.1
2024-02-16 21:08:31,591 [WARN] PackLoader:240 - Cannot read IP mode file for STMicroelectronics.FP-ATR-ASTRA1.2.0.0
2024-02-16 21:08:31,606 [WARN] PackLoader:240 - Cannot read IP mode file for STMicroelectronics.X-CUBE-TOF1.3.4.0
2024-02-16 21:08:31,631 [WARN] PackLoader:240 - Cannot read IP mode file for STMicroelectronics.X-CUBE-AZRTOS-H7.3.2.0
2024-02-16 21:08:31,634 [INFO] ThirdParty:978 - Integrity check success = true
2024-02-16 21:08:31,634 [INFO] IntegrityCheckThread:100 - exiting critical section [integrity check]
2024-02-16 21:08:31,634 [INFO] IntegrityCheckThread:103 - End integrity checks thread
2024-02-16 21:08:31,968 [INFO] WebApp:161 - Instantiating new browser for Auth
2024-02-16 21:08:32,708 [INFO] WebApp:780 - Register for checkConnection events
2024-02-16 21:08:32,708 [INFO] WebApp:414 - Apply proxy settings
2024-02-16 21:08:32,708 [INFO] WebApp:499 - Chromium requires no authentication
2024-02-16 21:08:32,715 [INFO] WebApp:442 - Direct internet connection detected
2024-02-16 21:08:32,871 [INFO] WebApp:192 - Starting web application
2024-02-16 21:08:32,872 [INFO] WebApp:544 - Web application path used C:\ST\STM32CubeIDE_1.13.2\STM32CubeIDE\plugins\com.st.stm32cube.common.mx_6.10.0.202311202037\db\plugins\mcufinder\reactClient1\index.html
2024-02-16 21:08:54,002 [ERROR] LogOutputStream:75 - [STDERR_REDIRECT] SLF4J: Failed to load class "org.slf4j.impl.StaticLoggerBinder".
2024-02-16 21:08:54,003 [ERROR] LogOutputStream:75 - [STDERR_REDIRECT] SLF4J: Defaulting to no-operation (NOP) logger implementation
2024-02-16 21:08:54,003 [ERROR] LogOutputStream:75 - [STDERR_REDIRECT] SLF4J: See http://www.slf4j.org/codes.html#StaticLoggerBinder for further details.
2024-02-16 22:40:04,321 [ERROR] LogOutputStream:75 - [STDERR_REDIRECT] 
2024-02-16 22:40:04,322 [ERROR] LogOutputStream:75 - [STDERR_REDIRECT] 
