2024-02-12 22:19:15,274 [INFO] Activator:176 - 


2024-02-12 22:19:15,274 [INFO] Activator:177 - !SESSION log4j initialized
2024-02-12 22:19:17,341 [INFO] LogOutputStream:77 - [STDOUT_REDIRECT] 
2024-02-12 22:19:18,775 [INFO] ApplicationProperties:184 - Using Application install path: C:\ST\STM32CubeIDE_1.13.2\STM32CubeIDE\plugins\com.st.stm32cube.common.mx_6.10.0.202311202037
2024-02-12 22:19:18,804 [INFO] DbMcusXml:78 - Set database path to: C:\ST\STM32CubeIDE_1.13.2\STM32CubeIDE\plugins\com.st.stm32cube.common.mx_6.10.0.202311202037\\db\/mcu/
2024-02-12 22:19:18,804 [INFO] ApiDb:274 - Set plugin database path to: C:\ST\STM32CubeIDE_1.13.2\STM32CubeIDE\plugins\com.st.stm32cube.common.mx_6.10.0.202311202037\\db\/plugins/boardmanager/
2024-02-12 22:19:18,806 [WARN] ApiDb:259 - Overriding images path with different value:  => C:\ST\STM32CubeIDE_1.13.2\STM32CubeIDE\plugins\com.st.stm32cube.common.mx_6.10.0.202311202037\\db\/plugins/mcufinder/images/
2024-02-12 22:19:18,814 [INFO] ApiDb:250 - Set database path to: C:\Users\phamv\.stmcufinder\plugins\mcufinder//mcu/
2024-02-12 22:19:18,816 [INFO] DbMcusAds:125 - Set database path to: C:\Users\phamv\.stmcufinder\plugins\mcufinder//mcu/
2024-02-12 22:19:18,820 [INFO] CrossReferenceDbSqlite:203 - Set database path to: C:\Users\phamv\.stmcufinder\plugins\mcufinder//mcu/cs/
2024-02-12 22:19:18,959 [INFO] RulesReader:64 - Compatibility file has been processed (297 Rules)
2024-02-12 22:19:19,062 [INFO] DbMcusXml:78 - Set database path to: C:\ST\STM32CubeIDE_1.13.2\STM32CubeIDE\plugins\com.st.stm32cube.common.mx_6.10.0.202311202037\\db\/mcu/
2024-02-12 22:19:19,062 [INFO] ApiDb:274 - Set plugin database path to: C:\ST\STM32CubeIDE_1.13.2\STM32CubeIDE\plugins\com.st.stm32cube.common.mx_6.10.0.202311202037\\db\/plugins/boardmanager/
2024-02-12 22:19:19,062 [INFO] ApiDb:261 - Set plugin images path to: C:\ST\STM32CubeIDE_1.13.2\STM32CubeIDE\plugins\com.st.stm32cube.common.mx_6.10.0.202311202037\\db\/plugins/mcufinder/images/
2024-02-12 22:19:19,062 [WARN] DbFile:41 - Overriding database path with different value: C:\Users\phamv\.stmcufinder\plugins\mcufinder/ => C:\Users\phamv\.stmcufinder\plugins\mcufinder
2024-02-12 22:19:19,062 [INFO] ApiDb:250 - Set database path to: C:\Users\phamv\.stmcufinder\plugins\mcufinder//mcu/
2024-02-12 22:19:19,064 [WARN] DbFile:41 - Overriding database path with different value: C:\Users\phamv\.stmcufinder\plugins\mcufinder/ => C:\Users\phamv\.stmcufinder\plugins\mcufinder
2024-02-12 22:19:19,064 [INFO] DbMcusAds:125 - Set database path to: C:\Users\phamv\.stmcufinder\plugins\mcufinder//mcu/
2024-02-12 22:19:19,064 [WARN] DbFile:41 - Overriding database path with different value: C:\Users\phamv\.stmcufinder\plugins\mcufinder/ => C:\Users\phamv\.stmcufinder\plugins\mcufinder
2024-02-12 22:19:19,064 [WARN] DbFile:41 - Overriding database path with different value: C:\Users\phamv\.stmcufinder\plugins\mcufinder/ => C:\Users\phamv\.stmcufinder\plugins\mcufinder
2024-02-12 22:19:19,064 [INFO] CrossReferenceDbSqlite:203 - Set database path to: C:\Users\phamv\.stmcufinder\plugins\mcufinder//mcu/cs/
2024-02-12 22:19:19,118 [INFO] MainPanel:264 - HeapMemory: 268435456
2024-02-12 22:19:19,166 [INFO] DbMcusXml:78 - Set database path to: C:\ST\STM32CubeIDE_1.13.2\STM32CubeIDE\plugins\com.st.stm32cube.common.mx_6.10.0.202311202037\\db\/mcu/
2024-02-12 22:19:19,166 [INFO] ApiDb:274 - Set plugin database path to: C:\ST\STM32CubeIDE_1.13.2\STM32CubeIDE\plugins\com.st.stm32cube.common.mx_6.10.0.202311202037\\db\/plugins/boardmanager/
2024-02-12 22:19:19,166 [INFO] ApiDb:261 - Set plugin images path to: C:\ST\STM32CubeIDE_1.13.2\STM32CubeIDE\plugins\com.st.stm32cube.common.mx_6.10.0.202311202037\\db\/plugins/mcufinder/images/
2024-02-12 22:19:19,166 [WARN] DbFile:41 - Overriding database path with different value: C:\Users\phamv\.stmcufinder\plugins\mcufinder/ => C:\Users\phamv\.stmcufinder\plugins\mcufinder
2024-02-12 22:19:19,166 [INFO] ApiDb:250 - Set database path to: C:\Users\phamv\.stmcufinder\plugins\mcufinder//mcu/
2024-02-12 22:19:19,166 [WARN] DbFile:41 - Overriding database path with different value: C:\Users\phamv\.stmcufinder\plugins\mcufinder/ => C:\Users\phamv\.stmcufinder\plugins\mcufinder
2024-02-12 22:19:19,166 [INFO] DbMcusAds:125 - Set database path to: C:\Users\phamv\.stmcufinder\plugins\mcufinder//mcu/
2024-02-12 22:19:19,166 [WARN] DbFile:41 - Overriding database path with different value: C:\Users\phamv\.stmcufinder\plugins\mcufinder/ => C:\Users\phamv\.stmcufinder\plugins\mcufinder
2024-02-12 22:19:19,166 [WARN] DbFile:41 - Overriding database path with different value: C:\Users\phamv\.stmcufinder\plugins\mcufinder/ => C:\Users\phamv\.stmcufinder\plugins\mcufinder
2024-02-12 22:19:19,167 [INFO] CrossReferenceDbSqlite:203 - Set database path to: C:\Users\phamv\.stmcufinder\plugins\mcufinder//mcu/cs/
2024-02-12 22:19:19,179 [INFO] ApplicationProperties:184 - Using Application install path: C:\ST\STM32CubeIDE_1.13.2\STM32CubeIDE\plugins\com.st.stm32cube.common.mx_6.10.0.202311202037
2024-02-12 22:19:19,180 [INFO] PluginManage:196 - Search for loadable plugins [exclusion list=, ]
2024-02-12 22:19:19,181 [INFO] PluginManage:310 - Check plugin analytics
2024-02-12 22:19:19,292 [INFO] AnalyticsPlugin:253 - Accepted Software Licenses: 
2024-02-12 22:19:19,292 [INFO] AnalyticsPlugin:255 - Accepted CMSIS Pack Licenses: STMicroelectronics.X-CUBE-TOUCHGFX.4.22.1
2024-02-12 22:19:19,292 [INFO] AnalyticsPlugin:257 - Accepted Firmware Licenses: FW.F4.1.27.0
2024-02-12 22:19:19,295 [INFO] PluginManage:359 - Loaded plugin analytics (category:tool,tabindex:-1)
2024-02-12 22:19:19,295 [INFO] PluginManage:310 - Check plugin cadmodel
2024-02-12 22:19:19,298 [INFO] CADModel:105 - Init CAD model plugin
2024-02-12 22:19:19,298 [INFO] PluginManage:359 - Loaded plugin cadmodel (category:power,tabindex:5)
2024-02-12 22:19:19,299 [INFO] PluginManage:310 - Check plugin clock
2024-02-12 22:19:19,304 [INFO] PluginManage:359 - Loaded plugin clock (category:base,tabindex:2)
2024-02-12 22:19:19,304 [INFO] PluginManage:310 - Check plugin ddr
2024-02-12 22:19:19,305 [INFO] PluginManage:359 - Loaded plugin ddr (category:tool,tabindex:6)
2024-02-12 22:19:19,306 [INFO] PluginManage:310 - Check plugin filemanager
2024-02-12 22:19:19,396 [INFO] PluginManage:359 - Loaded plugin filemanager (category:base,tabindex:10)
2024-02-12 22:19:19,397 [INFO] PluginManage:310 - Check plugin ipmanager
2024-02-12 22:19:19,403 [INFO] PluginManage:359 - Loaded plugin ipmanager (category:base,tabindex:5)
2024-02-12 22:19:19,403 [INFO] PluginManage:310 - Check plugin lpbam
2024-02-12 22:19:19,411 [INFO] PluginManage:359 - Loaded plugin lpbam (category:base,tabindex:0)
2024-02-12 22:19:19,413 [INFO] PluginManage:310 - Check plugin memorymap
2024-02-12 22:19:19,423 [INFO] PluginManage:359 - Loaded plugin memorymap (category:base,tabindex:4)
2024-02-12 22:19:19,424 [INFO] PluginManage:310 - Check plugin pinoutandconfiguration
2024-02-12 22:19:19,428 [INFO] PluginManage:359 - Loaded plugin pinoutandconfiguration (category:base,tabindex:1)
2024-02-12 22:19:19,429 [INFO] PluginManage:310 - Check plugin pinoutconfig
2024-02-12 22:19:19,525 [WARN] SupportedApi:132 - Cannot load RTOS API schema: s4s-elt-must-match.1: The content of 'definitions' must match (annotation?, (simpleType | complexType)?, (unique | key | keyref)*)). A problem was found starting at: attribute.
2024-02-12 22:19:19,674 [INFO] PluginManage:359 - Loaded plugin pinoutconfig (category:base,tabindex:0)
2024-02-12 22:19:19,674 [INFO] PluginManage:310 - Check plugin power
2024-02-12 22:19:19,680 [INFO] PluginManage:359 - Loaded plugin power (category:power,tabindex:4)
2024-02-12 22:19:19,680 [INFO] PluginManage:310 - Check plugin projectmanager
2024-02-12 22:19:19,692 [INFO] PluginManage:359 - Loaded plugin projectmanager (category:projectmanager,tabindex:3)
2024-02-12 22:19:19,693 [INFO] PluginManage:310 - Check plugin thirdparty
2024-02-12 22:19:19,786 [WARN] IntegrityCheckThread:84 - waiting for thirdparty lock release [integrity check]
2024-02-12 22:19:19,786 [INFO] IntegrityCheckThread:86 - entering critical section [integrity check]
2024-02-12 22:19:19,786 [INFO] PluginManage:359 - Loaded plugin thirdparty (category:base,tabindex:-1)
2024-02-12 22:19:19,787 [INFO] PluginManage:310 - Check plugin tools
2024-02-12 22:19:19,787 [INFO] ThirdPartyUpdaterWithRetryManager:70 - Updater plugin not ready yet. [1/15]
2024-02-12 22:19:19,789 [INFO] PluginManage:359 - Loaded plugin tools (category:base,tabindex:7)
2024-02-12 22:19:19,790 [INFO] PluginManage:310 - Check plugin tutovideos
2024-02-12 22:19:19,900 [INFO] PluginManage:359 - Loaded plugin tutovideos (category:base,tabindex:-1)
2024-02-12 22:19:19,901 [INFO] PluginManage:310 - Check plugin updater
2024-02-12 22:19:19,908 [INFO] PluginManage:359 - Loaded plugin updater (category:base,tabindex:12)
2024-02-12 22:19:19,908 [INFO] PluginManage:310 - Check plugin userauth
2024-02-12 22:19:19,911 [INFO] UserAuth:114 - Init User Auth plugin
2024-02-12 22:19:19,911 [INFO] PluginManage:359 - Loaded plugin userauth (category:base,tabindex:14)
2024-02-12 22:19:19,912 [INFO] PluginManage:283 - PluginManage : Loaded plugins [17]
2024-02-12 22:19:20,061 [INFO] PinOutPanel:1499 - setPackage(No Configuration,No Configuration)
2024-02-12 22:19:20,111 [INFO] CADModel:165 - CPN selected for project level
2024-02-12 22:19:20,111 [INFO] CADModel:114 - Register for checkConnection events
2024-02-12 22:19:20,122 [INFO] IPUIPlugin:80 - create IPUIPlugin
2024-02-12 22:19:20,123 [INFO] PluginManager:220 - loadIPPluginJar : add adc
2024-02-12 22:19:20,124 [INFO] IPUIPlugin:80 - create IPUIPlugin
2024-02-12 22:19:20,125 [INFO] PluginManager:220 - loadIPPluginJar : add aes
2024-02-12 22:19:20,126 [INFO] IPUIPlugin:80 - create IPUIPlugin
2024-02-12 22:19:20,126 [INFO] PluginManager:220 - loadIPPluginJar : add can
2024-02-12 22:19:20,127 [INFO] IPUIPlugin:80 - create IPUIPlugin
2024-02-12 22:19:20,128 [INFO] PluginManager:220 - loadIPPluginJar : add comp
2024-02-12 22:19:20,130 [INFO] IPUIPlugin:80 - create IPUIPlugin
2024-02-12 22:19:20,130 [INFO] PluginManager:220 - loadIPPluginJar : add cryp
2024-02-12 22:19:20,131 [INFO] IPUIPlugin:80 - create IPUIPlugin
2024-02-12 22:19:20,131 [INFO] PluginManager:220 - loadIPPluginJar : add dfsdm
2024-02-12 22:19:20,135 [INFO] IPUIPlugin:80 - create IPUIPlugin
2024-02-12 22:19:20,136 [INFO] PluginManager:220 - loadIPPluginJar : add dma
2024-02-12 22:19:20,137 [INFO] IPUIPlugin:80 - create IPUIPlugin
2024-02-12 22:19:20,137 [INFO] PluginManager:220 - loadIPPluginJar : add dma3
2024-02-12 22:19:20,138 [INFO] IPUIPlugin:80 - create IPUIPlugin
2024-02-12 22:19:20,138 [INFO] PluginManager:220 - loadIPPluginJar : add fatfs
2024-02-12 22:19:20,141 [INFO] IPUIPlugin:80 - create IPUIPlugin
2024-02-12 22:19:20,141 [INFO] PluginManager:220 - loadIPPluginJar : add fmc
2024-02-12 22:19:20,144 [INFO] IPUIPlugin:80 - create IPUIPlugin
2024-02-12 22:19:20,144 [INFO] PluginManager:220 - loadIPPluginJar : add freertos
2024-02-12 22:19:20,145 [INFO] IPUIPlugin:80 - create IPUIPlugin
2024-02-12 22:19:20,146 [INFO] PluginManager:220 - loadIPPluginJar : add genericplugin
2024-02-12 22:19:20,147 [INFO] IPUIPlugin:80 - create IPUIPlugin
2024-02-12 22:19:20,147 [INFO] PluginManager:220 - loadIPPluginJar : add gfxmmu
2024-02-12 22:19:20,151 [INFO] IPUIPlugin:80 - create IPUIPlugin
2024-02-12 22:19:20,151 [INFO] PluginManager:220 - loadIPPluginJar : add gic
2024-02-12 22:19:20,153 [INFO] IPUIPlugin:80 - create IPUIPlugin
2024-02-12 22:19:20,153 [INFO] PluginManager:220 - loadIPPluginJar : add gpio
2024-02-12 22:19:20,155 [INFO] IPUIPlugin:80 - create IPUIPlugin
2024-02-12 22:19:20,155 [INFO] PluginManager:220 - loadIPPluginJar : add gtzc
2024-02-12 22:19:20,156 [INFO] IPUIPlugin:80 - create IPUIPlugin
2024-02-12 22:19:20,156 [INFO] PluginManager:220 - loadIPPluginJar : add hash
2024-02-12 22:19:20,158 [INFO] IPUIPlugin:80 - create IPUIPlugin
2024-02-12 22:19:20,158 [INFO] PluginManager:220 - loadIPPluginJar : add i2c
2024-02-12 22:19:20,159 [INFO] IPUIPlugin:80 - create IPUIPlugin
2024-02-12 22:19:20,159 [INFO] PluginManager:220 - loadIPPluginJar : add i2s
2024-02-12 22:19:20,161 [INFO] IPUIPlugin:80 - create IPUIPlugin
2024-02-12 22:19:20,161 [INFO] PluginManager:220 - loadIPPluginJar : add i3c
2024-02-12 22:19:20,163 [INFO] IPUIPlugin:80 - create IPUIPlugin
2024-02-12 22:19:20,163 [INFO] PluginManager:220 - loadIPPluginJar : add ipddr
2024-02-12 22:19:20,168 [INFO] IPUIPlugin:80 - create IPUIPlugin
2024-02-12 22:19:20,168 [INFO] PluginManager:220 - loadIPPluginJar : add linkedlist
2024-02-12 22:19:20,170 [INFO] IPUIPlugin:80 - create IPUIPlugin
2024-02-12 22:19:20,170 [INFO] PluginManager:220 - loadIPPluginJar : add lorawan
2024-02-12 22:19:20,171 [INFO] IPUIPlugin:80 - create IPUIPlugin
2024-02-12 22:19:20,171 [INFO] PluginManager:220 - loadIPPluginJar : add ltdc
2024-02-12 22:19:20,174 [INFO] IPUIPlugin:80 - create IPUIPlugin
2024-02-12 22:19:20,174 [INFO] PluginManager:220 - loadIPPluginJar : add mdma
2024-02-12 22:19:20,178 [INFO] IPUIPlugin:80 - create IPUIPlugin
2024-02-12 22:19:20,178 [INFO] PluginManager:220 - loadIPPluginJar : add nvic
2024-02-12 22:19:20,180 [INFO] IPUIPlugin:80 - create IPUIPlugin
2024-02-12 22:19:20,180 [INFO] PluginManager:220 - loadIPPluginJar : add opamp
2024-02-12 22:19:20,182 [INFO] IPUIPlugin:80 - create IPUIPlugin
2024-02-12 22:19:20,182 [INFO] PluginManager:220 - loadIPPluginJar : add openamp
2024-02-12 22:19:20,184 [INFO] IPUIPlugin:80 - create IPUIPlugin
2024-02-12 22:19:20,184 [INFO] PluginManager:220 - loadIPPluginJar : add pdm2pcm
2024-02-12 22:19:20,189 [INFO] IPUIPlugin:80 - create IPUIPlugin
2024-02-12 22:19:20,190 [INFO] PluginManager:220 - loadIPPluginJar : add plateformsettings
2024-02-12 22:19:20,191 [INFO] IPUIPlugin:80 - create IPUIPlugin
2024-02-12 22:19:20,191 [INFO] PluginManager:220 - loadIPPluginJar : add quadspi
2024-02-12 22:19:20,193 [INFO] IPUIPlugin:80 - create IPUIPlugin
2024-02-12 22:19:20,193 [INFO] PluginManager:220 - loadIPPluginJar : add resmgrutility
2024-02-12 22:19:20,195 [INFO] IPUIPlugin:80 - create IPUIPlugin
2024-02-12 22:19:20,195 [INFO] PluginManager:220 - loadIPPluginJar : add sai
2024-02-12 22:19:20,197 [INFO] IPUIPlugin:80 - create IPUIPlugin
2024-02-12 22:19:20,197 [INFO] PluginManager:220 - loadIPPluginJar : add spi
2024-02-12 22:19:20,200 [INFO] IPUIPlugin:80 - create IPUIPlugin
2024-02-12 22:19:20,200 [INFO] PluginManager:220 - loadIPPluginJar : add stm32_wpan
2024-02-12 22:19:20,201 [INFO] IPUIPlugin:80 - create IPUIPlugin
2024-02-12 22:19:20,201 [INFO] PluginManager:220 - loadIPPluginJar : add tim
2024-02-12 22:19:20,203 [INFO] IPUIPlugin:80 - create IPUIPlugin
2024-02-12 22:19:20,203 [INFO] PluginManager:220 - loadIPPluginJar : add touchsensing
2024-02-12 22:19:20,204 [INFO] IPUIPlugin:80 - create IPUIPlugin
2024-02-12 22:19:20,204 [INFO] PluginManager:220 - loadIPPluginJar : add tracer_emb
2024-02-12 22:19:20,205 [INFO] IPUIPlugin:80 - create IPUIPlugin
2024-02-12 22:19:20,206 [INFO] PluginManager:220 - loadIPPluginJar : add ts
2024-02-12 22:19:20,206 [INFO] IPUIPlugin:80 - create IPUIPlugin
2024-02-12 22:19:20,207 [INFO] PluginManager:220 - loadIPPluginJar : add tsc
2024-02-12 22:19:20,207 [INFO] IPUIPlugin:80 - create IPUIPlugin
2024-02-12 22:19:20,208 [INFO] PluginManager:220 - loadIPPluginJar : add ucpd
2024-02-12 22:19:20,209 [INFO] IPUIPlugin:80 - create IPUIPlugin
2024-02-12 22:19:20,209 [INFO] PluginManager:220 - loadIPPluginJar : add usart
2024-02-12 22:19:20,211 [INFO] IPUIPlugin:80 - create IPUIPlugin
2024-02-12 22:19:20,211 [INFO] PluginManager:220 - loadIPPluginJar : add usbx
2024-02-12 22:19:20,326 [INFO] CADModel:165 - CPN selected for project level
2024-02-12 22:19:20,326 [INFO] CADModel:114 - Register for checkConnection events
2024-02-12 22:19:20,327 [FATAL] Updater:308 - Updater called before beeing initialized
2024-02-12 22:19:20,327 [ERROR] CADModel:125 - Updater not yet initialized, retry later 
2024-02-12 22:19:20,423 [INFO] CADModel:165 - CPN selected for project level
2024-02-12 22:19:20,423 [INFO] CADModel:114 - Register for checkConnection events
2024-02-12 22:19:20,423 [FATAL] Updater:308 - Updater called before beeing initialized
2024-02-12 22:19:20,423 [ERROR] CADModel:125 - Updater not yet initialized, retry later 
2024-02-12 22:19:20,426 [FATAL] Updater:308 - Updater called before beeing initialized
2024-02-12 22:19:20,508 [FATAL] Updater:308 - Updater called before beeing initialized
2024-02-12 22:19:20,512 [INFO] DbMcusAds:53 - JSON generation date=Wed Nov 29 17:52:27 ICT 2023 (1701255147349)
2024-02-12 22:19:20,512 [FATAL] Updater:308 - Updater called before beeing initialized
2024-02-12 22:19:20,537 [WARN] DetailPanel:346 - Failed to get advertising image, set to default
2024-02-12 22:19:20,596 [FATAL] Updater:308 - Updater called before beeing initialized
2024-02-12 22:19:20,597 [FATAL] Updater:308 - Updater called before beeing initialized
2024-02-12 22:19:20,597 [FATAL] Updater:308 - Updater called before beeing initialized
2024-02-12 22:19:20,597 [WARN] DetailPanel:346 - Failed to get advertising image, set to default
2024-02-12 22:19:20,597 [FATAL] Updater:308 - Updater called before beeing initialized
2024-02-12 22:19:20,628 [ERROR] Updater:1120 - MainUpdater not yet initialized. External WinMGr cannot be set.
2024-02-12 22:19:20,630 [INFO] Updater:1056 - Updater Version found : 6.10.0
2024-02-12 22:19:20,642 [INFO] ApplicationProperties:184 - Using Application install path: C:\ST\STM32CubeIDE_1.13.2\STM32CubeIDE\plugins\com.st.stm32cube.common.mx_6.10.0.202311202037
2024-02-12 22:19:22,215 [ERROR] LogOutputStream:75 - [STDERR_REDIRECT] Feb 12, 2024 10:19:22 PM java.util.prefs.WindowsPreferences <init>
2024-02-12 22:19:22,217 [ERROR] LogOutputStream:75 - [STDERR_REDIRECT] WARNING: Could not open/create prefs root node Software\JavaSoft\Prefs at root 0xffffffff80000002. Windows RegCreateKeyEx(...) returned error code 5.
2024-02-12 22:19:22,217 [ERROR] LogOutputStream:75 - [STDERR_REDIRECT] 
2024-02-12 22:19:22,747 [INFO] MainUpdater:2873 - connection check result : 10
2024-02-12 22:19:22,747 [INFO] MainUpdater:290 - Updater Check For Update Now.
2024-02-12 22:19:22,747 [INFO] MicroXplorer:498 - Change Database Version : DB.6.0.100
2024-02-12 22:19:22,751 [INFO] McuFinderGlobals:63 - Set McuFinder mode to 2 (CubeIDE integrated)
2024-02-12 22:19:22,751 [INFO] UserAuth:180 - activating auth plugin
2024-02-12 22:19:22,754 [INFO] UserAuth:404 - Internet connection configuration mode: 1
2024-02-12 22:19:22,781 [INFO] JxBrowserEngine:152 - Initiate JxBrowser Engine with user profile folder
2024-02-12 22:19:22,790 [WARN] MainUpdater:1194 - Updater busy. Cannot search thirdparties
2024-02-12 22:19:22,791 [INFO] ThirdPartyUpdaterWithRetryManager:96 - Updater plugin is busy. [1/15]
2024-02-12 22:19:22,922 [INFO] CheckServerUpdateThread:120 - End of CheckServer Thread
2024-02-12 22:19:23,184 [INFO] WebApp:161 - Instantiating new browser for Auth
2024-02-12 22:19:23,536 [INFO] WebApp:780 - Register for checkConnection events
2024-02-12 22:19:23,536 [INFO] WebApp:414 - Apply proxy settings
2024-02-12 22:19:23,536 [INFO] WebApp:499 - Chromium requires no authentication
2024-02-12 22:19:23,540 [INFO] WebApp:442 - Direct internet connection detected
2024-02-12 22:19:23,627 [INFO] WebApp:192 - Starting web application
2024-02-12 22:19:23,627 [INFO] WebApp:544 - Web application path used C:\ST\STM32CubeIDE_1.13.2\STM32CubeIDE\plugins\com.st.stm32cube.common.mx_6.10.0.202311202037\db\plugins\mcufinder\reactClient1\index.html
2024-02-12 22:19:25,909 [WARN] PackLoader:240 - Cannot read IP mode file for STMicroelectronics.X-CUBE-SMBUS.2.1.0
2024-02-12 22:19:25,921 [WARN] PackLoader:240 - Cannot read IP mode file for STMicroelectronics.X-CUBE-TOUCHGFX.4.23.0
2024-02-12 22:19:25,953 [WARN] PackLoader:240 - Cannot read IP mode file for STMicroelectronics.X-CUBE-AZRTOS-F7.1.1.0
2024-02-12 22:19:25,973 [WARN] PackLoader:240 - Cannot read IP mode file for STMicroelectronics.FP-SNS-MOTENV1.4.3.2
2024-02-12 22:19:26,022 [WARN] PackLoader:240 - Cannot read IP mode file for STMicroelectronics.FP-SNS-FLIGHT1.5.0.2
2024-02-12 22:19:26,043 [WARN] PackLoader:240 - Cannot read IP mode file for STMicroelectronics.X-CUBE-DISPLAY.3.0.0
2024-02-12 22:19:26,067 [WARN] PackLoader:240 - Cannot read IP mode file for STMicroelectronics.X-CUBE-BLE1.7.0.0
2024-02-12 22:19:26,080 [WARN] PackLoader:240 - Cannot read IP mode file for emotas.I-CUBE-CANOPEN.1.3.0
2024-02-12 22:19:26,091 [WARN] PackLoader:240 - Cannot read IP mode file for STMicroelectronics.X-CUBE-TOUCHGFX.4.22.0
2024-02-12 22:19:26,106 [WARN] PackLoader:240 - Cannot read IP mode file for STMicroelectronics.X-CUBE-TOUCHGFX.4.22.1
2024-02-12 22:19:26,216 [WARN] PackLoader:240 - Cannot read IP mode file for STMicroelectronics.FP-SNS-SMARTAG2.1.2.0
2024-02-12 22:19:26,234 [INFO] LogOutputStream:77 - [STDOUT_REDIRECT] 1 : Invalid condition id : UX_CORESTACK_Condition cause : null
2024-02-12 22:19:26,235 [INFO] LogOutputStream:77 - [STDOUT_REDIRECT] 1 : Invalid condition id : UX_CORESTACK_Condition cause : null
2024-02-12 22:19:26,235 [INFO] LogOutputStream:77 - [STDOUT_REDIRECT] 1 : Invalid condition id : UX_CORESTACK_Condition cause : null
2024-02-12 22:19:26,236 [INFO] LogOutputStream:77 - [STDOUT_REDIRECT] 1 : Invalid condition id : UX_CORESTACK_Condition cause : null
2024-02-12 22:19:26,236 [INFO] LogOutputStream:77 - [STDOUT_REDIRECT] 1 : Invalid condition id : UX_CORESTACK_Condition cause : null
2024-02-12 22:19:26,238 [WARN] PackLoader:240 - Cannot read IP mode file for STMicroelectronics.X-CUBE-AZRTOS-WL.2.0.0
2024-02-12 22:19:26,252 [WARN] PackLoader:240 - Cannot read IP mode file for WES.I-CUBE-Cesium.1.3.0
2024-02-12 22:19:26,264 [WARN] PackLoader:240 - Cannot read IP mode file for STMicroelectronics.X-CUBE-BLE2.3.3.0
2024-02-12 22:19:26,274 [WARN] PackLoader:240 - Cannot read IP mode file for STMicroelectronics.X-CUBE-TOUCHGFX.4.18.1
2024-02-12 22:19:26,326 [WARN] PackLoader:240 - Cannot read IP mode file for STMicroelectronics.X-CUBE-ALGOBUILD.1.3.0
2024-02-12 22:19:26,350 [WARN] PackLoader:240 - Cannot read IP mode file for STMicroelectronics.X-CUBE-AZRTOS-G0.1.1.0
2024-02-12 22:19:26,363 [WARN] PackLoader:240 - Cannot read IP mode file for STMicroelectronics.X-CUBE-NFC4.3.0.0
2024-02-12 22:19:26,376 [WARN] PackLoader:240 - Cannot read IP mode file for STMicroelectronics.X-CUBE-BLEMGR.3.0.0
2024-02-12 22:19:26,389 [WARN] PackLoader:240 - Cannot read IP mode file for STMicroelectronics.FP-ATR-SIGFOX1.3.2.0
2024-02-12 22:19:26,400 [WARN] PackLoader:240 - Cannot read IP mode file for STMicroelectronics.X-CUBE-EEPRMA1.5.1.0
2024-02-12 22:19:26,440 [WARN] PackLoader:240 - Cannot read IP mode file for SEGGER.I-CUBE-embOS.1.3.1
2024-02-12 22:19:26,483 [WARN] PackLoader:240 - Cannot read IP mode file for STMicroelectronics.X-CUBE-DISPLAY.2.0.0
2024-02-12 22:19:26,550 [WARN] PackLoader:240 - Cannot read IP mode file for STMicroelectronics.X-CUBE-GNSS1.6.0.0
2024-02-12 22:19:26,571 [WARN] PackLoader:240 - Cannot read IP mode file for STMicroelectronics.X-CUBE-AZRTOS-F4.1.1.0
2024-02-12 22:19:26,586 [WARN] PackLoader:240 - Cannot read IP mode file for wolfSSL.I-CUBE-wolfSSL.5.6.3
2024-02-12 22:19:26,596 [WARN] PackLoader:240 - Cannot read IP mode file for wolfSSL.I-CUBE-wolfSSL.5.6.6
2024-02-12 22:19:26,616 [WARN] PackLoader:240 - Cannot read IP mode file for STMicroelectronics.X-CUBE-AZRTOS-L5.2.0.0
2024-02-12 22:19:26,653 [WARN] PackLoader:240 - Cannot read IP mode file for STMicroelectronics.X-CUBE-MEMS1.9.6.0
2024-02-12 22:19:26,764 [WARN] PackLoader:240 - Cannot read IP mode file for STMicroelectronics.X-CUBE-EEPRMA1.4.2.0
2024-02-12 22:19:26,784 [WARN] PackLoader:240 - Cannot read IP mode file for ITTIA_DB.I-CUBE-ITTIADB.8.8.0
2024-02-12 22:19:26,801 [WARN] PackLoader:240 - Cannot read IP mode file for STMicroelectronics.X-CUBE-BLEMGR.2.0.0
2024-02-12 22:19:26,835 [WARN] ConditionMgr:438 - getConditionDescription Invalid condition id : UX DEVICE CLASS RTOS Condition cause : null
2024-02-12 22:19:26,835 [WARN] ConditionMgr:438 - getConditionDescription Invalid condition id : UX DEVICE CLASS RTOS Condition cause : null
2024-02-12 22:19:26,837 [WARN] PackLoader:240 - Cannot read IP mode file for STMicroelectronics.X-CUBE-AZRTOS-H7.3.1.0
2024-02-12 22:19:26,837 [WARN] ConditionMgr:1039 - genDependencies : Invalid condition id : UX DEVICE CLASS RTOS Condition cause : null
2024-02-12 22:19:26,838 [WARN] ConditionMgr:1039 - genDependencies : Invalid condition id : UX DEVICE CLASS RTOS Condition cause : null
2024-02-12 22:19:26,838 [WARN] ConditionMgr:1039 - genDependencies : Invalid condition id : UX DEVICE CLASS RTOS Condition cause : null
2024-02-12 22:19:26,838 [WARN] ConditionMgr:1039 - genDependencies : Invalid condition id : UX DEVICE CLASS RTOS Condition cause : null
2024-02-12 22:19:26,838 [WARN] ConditionMgr:1039 - genDependencies : Invalid condition id : UX DEVICE CLASS RTOS Condition cause : null
2024-02-12 22:19:26,850 [WARN] PackLoader:240 - Cannot read IP mode file for STMicroelectronics.X-CUBE-NFC7.1.0.1
2024-02-12 22:19:26,862 [WARN] PackLoader:240 - Cannot read IP mode file for STMicroelectronics.X-CUBE-NFC6.3.0.0
2024-02-12 22:19:26,875 [WARN] PackLoader:240 - Cannot read IP mode file for STMicroelectronics.X-CUBE-EEPRMA1.4.1.0
2024-02-12 22:19:26,886 [WARN] PackLoader:240 - Cannot read IP mode file for STMicroelectronics.X-CUBE-AI.8.1.0
2024-02-12 22:19:26,908 [WARN] ConditionMgr:438 - getConditionDescription Invalid condition id : LAN8742 Phy interface Condition cause : null
2024-02-12 22:19:26,909 [WARN] PackLoader:240 - Cannot read IP mode file for STMicroelectronics.X-CUBE-AZRTOS-L4.2.0.0
2024-02-12 22:19:26,910 [WARN] ConditionMgr:1039 - genDependencies : Invalid condition id : LAN8742 Phy interface Condition cause : null
2024-02-12 22:19:26,910 [WARN] ConditionMgr:1039 - genDependencies : Invalid condition id : LAN8742 Phy interface Condition cause : null
2024-02-12 22:19:26,910 [WARN] ConditionMgr:1039 - genDependencies : Invalid condition id : LAN8742 Phy interface Condition cause : null
2024-02-12 22:19:26,930 [WARN] PackLoader:240 - Cannot read IP mode file for STMicroelectronics.X-CUBE-SFXS2LP1.4.0.0
2024-02-12 22:19:26,947 [WARN] PackLoader:240 - Cannot read IP mode file for STMicroelectronics.X-CUBE-ISPU.1.1.0
2024-02-12 22:19:26,970 [WARN] ConditionMgr:438 - getConditionDescription Invalid condition id : UX DEVICE CLASS RTOS Condition cause : null
2024-02-12 22:19:26,971 [WARN] ConditionMgr:438 - getConditionDescription Invalid condition id : UX DEVICE CLASS RTOS Condition cause : null
2024-02-12 22:19:26,972 [WARN] PackLoader:240 - Cannot read IP mode file for STMicroelectronics.X-CUBE-AZRTOS-WB.2.0.0
2024-02-12 22:19:26,973 [WARN] ConditionMgr:1039 - genDependencies : Invalid condition id : UX DEVICE CLASS RTOS Condition cause : null
2024-02-12 22:19:26,973 [WARN] ConditionMgr:1039 - genDependencies : Invalid condition id : UX DEVICE CLASS RTOS Condition cause : null
2024-02-12 22:19:26,973 [WARN] ConditionMgr:1039 - genDependencies : Invalid condition id : UX DEVICE CLASS RTOS Condition cause : null
2024-02-12 22:19:26,973 [WARN] ConditionMgr:1039 - genDependencies : Invalid condition id : UX DEVICE CLASS RTOS Condition cause : null
2024-02-12 22:19:26,973 [WARN] ConditionMgr:1039 - genDependencies : Invalid condition id : UX DEVICE CLASS RTOS Condition cause : null
2024-02-12 22:19:26,998 [WARN] PackLoader:240 - Cannot read IP mode file for STMicroelectronics.X-CUBE-SUBG2.5.0.0
2024-02-12 22:19:27,016 [WARN] PackLoader:240 - Cannot read IP mode file for STMicroelectronics.X-CUBE-TOF1.3.3.1
2024-02-12 22:19:27,041 [WARN] PackLoader:240 - Cannot read IP mode file for STMicroelectronics.X-CUBE-AZRTOS-G4.2.0.0
2024-02-12 22:19:27,067 [WARN] PackLoader:240 - Cannot read IP mode file for Infineon.AIROC-Wi-Fi-Bluetooth-STM32.1.5.1
2024-02-12 22:19:27,086 [WARN] PackLoader:240 - Cannot read IP mode file for STMicroelectronics.FP-SNS-MOTENVWB1.1.3.0
2024-02-12 22:19:27,099 [WARN] PackLoader:240 - Cannot read IP mode file for STMicroelectronics.FP-SNS-MOTENVWB1.1.3.1
2024-02-12 22:19:27,110 [WARN] PackLoader:240 - Cannot read IP mode file for STMicroelectronics.X-CUBE-ISPU.2.0.0
2024-02-12 22:19:27,152 [WARN] PackLoader:240 - Cannot read IP mode file for STMicroelectronics.X-CUBE-MEMS1.10.0.0
2024-02-12 22:19:27,237 [WARN] PackLoader:240 - Cannot read IP mode file for STMicroelectronics.X-CUBE-FREERTOS.1.1.0
2024-02-12 22:19:27,258 [WARN] PackLoader:240 - Cannot read IP mode file for portGmbH.I-Cube-SoM-uGOAL.1.1.0
2024-02-12 22:19:27,274 [WARN] PackLoader:240 - Cannot read IP mode file for STMicroelectronics.X-CUBE-ALS.1.0.1
2024-02-12 22:19:27,287 [WARN] PackLoader:240 - Cannot read IP mode file for STMicroelectronics.FP-ATR-ASTRA1.2.0.0
2024-02-12 22:19:27,303 [WARN] PackLoader:240 - Cannot read IP mode file for STMicroelectronics.X-CUBE-TOF1.3.4.0
2024-02-12 22:19:27,341 [WARN] PackLoader:240 - Cannot read IP mode file for STMicroelectronics.X-CUBE-AZRTOS-H7.3.2.0
2024-02-12 22:19:27,344 [INFO] ThirdParty:978 - Integrity check success = true
2024-02-12 22:19:27,344 [INFO] IntegrityCheckThread:100 - exiting critical section [integrity check]
2024-02-12 22:19:27,344 [INFO] IntegrityCheckThread:103 - End integrity checks thread
2024-02-12 22:19:44,382 [ERROR] LogOutputStream:75 - [STDERR_REDIRECT] SLF4J: Failed to load class "org.slf4j.impl.StaticLoggerBinder".
2024-02-12 22:19:44,384 [ERROR] LogOutputStream:75 - [STDERR_REDIRECT] SLF4J: Defaulting to no-operation (NOP) logger implementation
2024-02-12 22:19:44,385 [ERROR] LogOutputStream:75 - [STDERR_REDIRECT] SLF4J: See http://www.slf4j.org/codes.html#StaticLoggerBinder for further details.
2024-02-12 23:11:02,070 [ERROR] LogOutputStream:75 - [STDERR_REDIRECT] 
